<?xml version="1.0" encoding="UTF-8"?>
<!-- Generated by org.testng.reporters.JUnitXMLReporter -->
<testsuite hostname="LM-SJN-00877409" name="Command line test" tests="17" failures="0" timestamp="10 Nov 2014 16:56:50 GMT" time="0.105" errors="0">
  <testcase name="testEqualPositiveNumericalBinning" time="0.0060" classname="ml.shifu.core.di.spi.ColumnNumBinningCalculatorTest"/>
  <testcase name="testTotalPercentileNumericalBinning" time="0.0010" classname="ml.shifu.core.di.spi.ColumnNumBinningCalculatorTest"/>
  <testcase name="testRawValueObjectScreener" time="0.021" classname="ml.shifu.core.di.spi.ColumnRawStatsCalculatorTest"/>
  <testcase name="test" time="0.0" classname="ml.shifu.core.di.service.DataDictionaryServiceTest"/>
  <testcase name="testSetParams" time="0.0010" classname="ml.shifu.core.di.builtin.DefaultStatsProcessorTest"/>
  <testcase name="test" time="0.0" classname="ml.shifu.core.di.builtin.DefaultUnivariateStatsCalculatorTest"/>
  <testcase name="testLoadShifuConfig" time="0.0020" classname="ml.shifu.core.util.EnvironmentTest"/>
  <testcase name="testJavaDouble" time="0.049" classname="ml.shifu.core.util.JexlTest"/>
  <testcase name="testJavaExpressionNum" time="0.0" classname="ml.shifu.core.util.JexlTest"/>
  <testcase name="testJavaExpressionString" time="0.0" classname="ml.shifu.core.util.JexlTest"/>
  <testcase name="testJavaNull" time="0.0010" classname="ml.shifu.core.util.JexlTest"/>
  <testcase name="test" time="0.0010" classname="ml.shifu.core.util.KSIVCalculatorTest"/>
  <testcase name="test" time="0.0010" classname="ml.shifu.core.util.QuickKFindTest"/>
  <testcase name="testQuickSortComparable" time="0.0" classname="ml.shifu.core.util.QuickSortTest"/>
  <testcase name="testQuickSortComparator" time="0.0010" classname="ml.shifu.core.util.QuickSortTest"/>
  <testcase name="test" time="0.0" classname="ml.shifu.core.di.builtin.TripletPMMLDataDictionaryCreatorTest"/>
  <testcase name="test" time="0.0" classname="ml.shifu.core.di.service.UnivariateCalcStatsServiceTest"/>
</testsuite> <!-- Command line test -->
