<?xml version="1.0" encoding="UTF-8"?>
<testng-results skipped="0" failed="0" total="17" passed="17">
  <reporter-output>
  </reporter-output>
  <suite name="Command line suite" duration-ms="105" started-at="2014-11-10T16:56:50Z" finished-at="2014-11-10T16:56:50Z">
    <groups>
    </groups>
    <test name="Command line test" duration-ms="105" started-at="2014-11-10T16:56:50Z" finished-at="2014-11-10T16:56:50Z">
      <class name="ml.shifu.core.util.KSIVCalculatorTest">
        <test-method status="PASS" signature="test()[pri:0, instance:ml.shifu.core.util.KSIVCalculatorTest@7786df0f]" name="test" duration-ms="1" started-at="2014-11-10T08:56:50Z" finished-at="2014-11-10T08:56:50Z">
          <reporter-output>
          </reporter-output>
        </test-method> <!-- test -->
      </class> <!-- ml.shifu.core.util.KSIVCalculatorTest -->
      <class name="ml.shifu.core.di.builtin.DefaultUnivariateStatsCalculatorTest">
        <test-method status="PASS" signature="test()[pri:0, instance:ml.shifu.core.di.builtin.DefaultUnivariateStatsCalculatorTest@56d73c7a]" name="test" duration-ms="0" started-at="2014-11-10T08:56:50Z" finished-at="2014-11-10T08:56:50Z">
          <reporter-output>
          </reporter-output>
        </test-method> <!-- test -->
      </class> <!-- ml.shifu.core.di.builtin.DefaultUnivariateStatsCalculatorTest -->
      <class name="ml.shifu.core.util.QuickKFindTest">
        <test-method status="PASS" signature="test()[pri:0, instance:ml.shifu.core.util.QuickKFindTest@21aed5f9]" name="test" duration-ms="1" started-at="2014-11-10T08:56:50Z" finished-at="2014-11-10T08:56:50Z">
          <reporter-output>
          </reporter-output>
        </test-method> <!-- test -->
      </class> <!-- ml.shifu.core.util.QuickKFindTest -->
      <class name="ml.shifu.core.di.spi.ColumnRawStatsCalculatorTest">
        <test-method status="PASS" signature="testRawValueObjectScreener()[pri:0, instance:ml.shifu.core.di.spi.ColumnRawStatsCalculatorTest@647109c4]" name="testRawValueObjectScreener" duration-ms="21" started-at="2014-11-10T08:56:50Z" finished-at="2014-11-10T08:56:50Z">
          <reporter-output>
          </reporter-output>
        </test-method> <!-- testRawValueObjectScreener -->
      </class> <!-- ml.shifu.core.di.spi.ColumnRawStatsCalculatorTest -->
      <class name="ml.shifu.core.di.builtin.DefaultStatsProcessorTest">
        <test-method status="PASS" signature="setUp()[pri:0, instance:ml.shifu.core.di.builtin.DefaultStatsProcessorTest@ac44b88]" name="setUp" is-config="true" duration-ms="7" started-at="2014-11-10T08:56:50Z" finished-at="2014-11-10T08:56:50Z">
          <reporter-output>
          </reporter-output>
        </test-method> <!-- setUp -->
        <test-method status="PASS" signature="testSetParams()[pri:0, instance:ml.shifu.core.di.builtin.DefaultStatsProcessorTest@ac44b88]" name="testSetParams" duration-ms="1" started-at="2014-11-10T08:56:50Z" finished-at="2014-11-10T08:56:50Z">
          <reporter-output>
          </reporter-output>
        </test-method> <!-- testSetParams -->
      </class> <!-- ml.shifu.core.di.builtin.DefaultStatsProcessorTest -->
      <class name="ml.shifu.core.util.JexlTest">
        <test-method status="PASS" signature="testJavaDouble()[pri:0, instance:ml.shifu.core.util.JexlTest@1e79ed7f]" name="testJavaDouble" duration-ms="49" started-at="2014-11-10T08:56:50Z" finished-at="2014-11-10T08:56:50Z">
          <reporter-output>
          </reporter-output>
        </test-method> <!-- testJavaDouble -->
        <test-method status="PASS" signature="testJavaExpressionNum()[pri:0, instance:ml.shifu.core.util.JexlTest@1e79ed7f]" name="testJavaExpressionNum" duration-ms="0" started-at="2014-11-10T08:56:50Z" finished-at="2014-11-10T08:56:50Z">
          <reporter-output>
          </reporter-output>
        </test-method> <!-- testJavaExpressionNum -->
        <test-method status="PASS" signature="testJavaExpressionString()[pri:0, instance:ml.shifu.core.util.JexlTest@1e79ed7f]" name="testJavaExpressionString" duration-ms="0" started-at="2014-11-10T08:56:50Z" finished-at="2014-11-10T08:56:50Z">
          <reporter-output>
          </reporter-output>
        </test-method> <!-- testJavaExpressionString -->
        <test-method status="PASS" signature="testJavaNull()[pri:0, instance:ml.shifu.core.util.JexlTest@1e79ed7f]" name="testJavaNull" duration-ms="1" started-at="2014-11-10T08:56:50Z" finished-at="2014-11-10T08:56:50Z">
          <reporter-output>
          </reporter-output>
        </test-method> <!-- testJavaNull -->
      </class> <!-- ml.shifu.core.util.JexlTest -->
      <class name="ml.shifu.core.util.EnvironmentTest">
        <test-method status="PASS" signature="testLoadShifuConfig()[pri:0, instance:ml.shifu.core.util.EnvironmentTest@2ce1899b]" name="testLoadShifuConfig" duration-ms="2" started-at="2014-11-10T08:56:50Z" finished-at="2014-11-10T08:56:50Z">
          <reporter-output>
          </reporter-output>
        </test-method> <!-- testLoadShifuConfig -->
      </class> <!-- ml.shifu.core.util.EnvironmentTest -->
      <class name="ml.shifu.core.di.builtin.TripletPMMLDataDictionaryCreatorTest">
        <test-method status="PASS" signature="test()[pri:0, instance:ml.shifu.core.di.builtin.TripletPMMLDataDictionaryCreatorTest@7b36a43c]" name="test" duration-ms="0" started-at="2014-11-10T08:56:50Z" finished-at="2014-11-10T08:56:50Z">
          <reporter-output>
          </reporter-output>
        </test-method> <!-- test -->
      </class> <!-- ml.shifu.core.di.builtin.TripletPMMLDataDictionaryCreatorTest -->
      <class name="ml.shifu.core.di.spi.ColumnNumBinningCalculatorTest">
        <test-method status="PASS" signature="testEqualPositiveNumericalBinning()[pri:0, instance:ml.shifu.core.di.spi.ColumnNumBinningCalculatorTest@1f25fefa]" name="testEqualPositiveNumericalBinning" duration-ms="6" started-at="2014-11-10T08:56:50Z" finished-at="2014-11-10T08:56:50Z">
          <reporter-output>
          </reporter-output>
        </test-method> <!-- testEqualPositiveNumericalBinning -->
        <test-method status="PASS" signature="testTotalPercentileNumericalBinning()[pri:0, instance:ml.shifu.core.di.spi.ColumnNumBinningCalculatorTest@1f25fefa]" name="testTotalPercentileNumericalBinning" duration-ms="1" started-at="2014-11-10T08:56:50Z" finished-at="2014-11-10T08:56:50Z">
          <reporter-output>
          </reporter-output>
        </test-method> <!-- testTotalPercentileNumericalBinning -->
      </class> <!-- ml.shifu.core.di.spi.ColumnNumBinningCalculatorTest -->
      <class name="ml.shifu.core.util.QuickSortTest">
        <test-method status="PASS" signature="testQuickSortComparable()[pri:0, instance:ml.shifu.core.util.QuickSortTest@736921fd]" name="testQuickSortComparable" duration-ms="0" started-at="2014-11-10T08:56:50Z" finished-at="2014-11-10T08:56:50Z">
          <reporter-output>
          </reporter-output>
        </test-method> <!-- testQuickSortComparable -->
        <test-method status="PASS" signature="testQuickSortComparator()[pri:0, instance:ml.shifu.core.util.QuickSortTest@736921fd]" name="testQuickSortComparator" duration-ms="1" started-at="2014-11-10T08:56:50Z" finished-at="2014-11-10T08:56:50Z">
          <reporter-output>
          </reporter-output>
        </test-method> <!-- testQuickSortComparator -->
      </class> <!-- ml.shifu.core.util.QuickSortTest -->
      <class name="ml.shifu.core.di.service.UnivariateCalcStatsServiceTest">
        <test-method status="PASS" signature="test()[pri:0, instance:ml.shifu.core.di.service.UnivariateCalcStatsServiceTest@33d6f122]" name="test" duration-ms="0" started-at="2014-11-10T08:56:50Z" finished-at="2014-11-10T08:56:50Z">
          <reporter-output>
          </reporter-output>
        </test-method> <!-- test -->
      </class> <!-- ml.shifu.core.di.service.UnivariateCalcStatsServiceTest -->
      <class name="ml.shifu.core.di.service.DataDictionaryServiceTest">
        <test-method status="PASS" signature="test()[pri:0, instance:ml.shifu.core.di.service.DataDictionaryServiceTest@39385660]" name="test" duration-ms="0" started-at="2014-11-10T08:56:50Z" finished-at="2014-11-10T08:56:50Z">
          <reporter-output>
          </reporter-output>
        </test-method> <!-- test -->
      </class> <!-- ml.shifu.core.di.service.DataDictionaryServiceTest -->
    </test> <!-- Command line test -->
  </suite> <!-- Command line suite -->
</testng-results>
